<?xml version="1.0" encoding="UTF-8"?>
<testsuite xmlns:xsi="http://www.w3.org/2001/XMLSchema-instance" xsi:noNamespaceSchemaLocation="https://maven.apache.org/surefire/maven-surefire-plugin/xsd/surefire-test-report.xsd" name="com.bestnotes.notes.domain.service.unit.NotesServiceImplTest" time="0.837" tests="8" errors="0" skipped="0" failures="0">
  <properties>
[...]
</properties>
  <testcase name="testDeleteWithIllegalArgs" classname="com.bestnotes.notes.domain.service.unit.NotesServiceImplTest" time="0.726"/>
  <testcase name="testCreateWithIllegalArguments" classname="com.bestnotes.notes.domain.service.unit.NotesServiceImplTest" time="0.001"/>
  <testcase name="testGet" classname="com.bestnotes.notes.domain.service.unit.NotesServiceImplTest" time="0.085"/>
  <testcase name="testGetWithIllegalArguments" classname="com.bestnotes.notes.domain.service.unit.NotesServiceImplTest" time="0.001"/>
  <testcase name="testUpdateWithIllegalArguments" classname="com.bestnotes.notes.domain.service.unit.NotesServiceImplTest" time="0.001"/>
  <testcase name="testCreate" classname="com.bestnotes.notes.domain.service.unit.NotesServiceImplTest" time="0.004"/>
  <testcase name="testDelete" classname="com.bestnotes.notes.domain.service.unit.NotesServiceImplTest" time="0.002"/>
  <testcase name="testUpdate" classname="com.bestnotes.notes.domain.service.unit.NotesServiceImplTest" time="0.006"/>
</testsuite>